<?xml version="1.0" encoding="UTF-8"?>
<testsuite name="com.tarent.tryout.DockerComposeTryoutSpec" tests="1" skipped="0" failures="1" errors="0" timestamp="2019-09-19T15:00:47" hostname="tsteff-thinkpad-w520" time="0.03">
  <properties/>
  <testcase name="can access apache" classname="com.tarent.tryout.DockerComposeTryoutSpec" time="0.03">
    <failure message="java.lang.IllegalStateException: Mapped port can only be obtained after the container is started" type="java.lang.IllegalStateException">java.lang.IllegalStateException: Mapped port can only be obtained after the container is started
	at org.testcontainers.shaded.com.google.common.base.Preconditions.checkState(Preconditions.java:174)
	at org.testcontainers.containers.ContainerState.getMappedPort(ContainerState.java:107)
	at org.testcontainers.containers.DockerComposeContainer.getServicePort(DockerComposeContainer.java:450)
	at com.tarent.tryout.DockerComposeTryoutSpec.can access apache(DockerComposeTryoutSpec.groovy:19)
</failure>
  </testcase>
  <system-out><![CDATA[        ℹ︎ Checking the system...
        ✔ Docker version should be at least 1.6.0
        ✔ Docker environment should have more than 2GB free disk space
]]></system-out>
  <system-err><![CDATA[SLF4J: Failed to load class "org.slf4j.impl.StaticLoggerBinder".
SLF4J: Defaulting to no-operation (NOP) logger implementation
SLF4J: See http://www.slf4j.org/codes.html#StaticLoggerBinder for further details.
]]></system-err>
</testsuite>
